<?xml version="1.0" encoding="UTF-8" ?>
<testsuite tests="23" failures="0" name="chess.logic.ailogic.AILogicTest" time="4.412" errors="0" skipped="0">
  <properties>
    <property name="java.runtime.name" value="OpenJDK Runtime Environment"/>
    <property name="sun.boot.library.path" value="/usr/lib/jvm/java-8-openjdk-amd64/jre/lib/amd64"/>
    <property name="java.vm.version" value="25.91-b14"/>
    <property name="java.vm.vendor" value="Oracle Corporation"/>
    <property name="java.vendor.url" value="http://java.oracle.com/"/>
    <property name="path.separator" value=":"/>
    <property name="guice.disable.misplaced.annotation.check" value="true"/>
    <property name="java.vm.name" value="OpenJDK 64-Bit Server VM"/>
    <property name="file.encoding.pkg" value="sun.io"/>
    <property name="user.country" value="US"/>
    <property name="sun.java.launcher" value="SUN_STANDARD"/>
    <property name="sun.os.patch.level" value="unknown"/>
    <property name="java.vm.specification.name" value="Java Virtual Machine Specification"/>
    <property name="user.dir" value="/home/sami/simpleChessAI/Samin-shakki"/>
    <property name="java.runtime.version" value="1.8.0_91-8u91-b14-3ubuntu1~16.04.1-b14"/>
    <property name="java.awt.graphicsenv" value="sun.awt.X11GraphicsEnvironment"/>
    <property name="java.endorsed.dirs" value="/usr/lib/jvm/java-8-openjdk-amd64/jre/lib/endorsed"/>
    <property name="os.arch" value="amd64"/>
    <property name="java.io.tmpdir" value="/tmp"/>
    <property name="line.separator" value="
"/>
    <property name="java.vm.specification.vendor" value="Oracle Corporation"/>
    <property name="os.name" value="Linux"/>
    <property name="maven.ext.class.path" value="/home/sami/netbeans-8.1/java/maven-nblib/netbeans-eventspy.jar"/>
    <property name="classworlds.conf" value="/home/sami/netbeans-8.1/java/maven/bin/m2.conf"/>
    <property name="sun.jnu.encoding" value="UTF-8"/>
    <property name="java.library.path" value="/usr/lib/jvm/java-8-openjdk-amd64/jre/lib/amd64:/usr/lib/jvm/java-8-openjdk-amd64/jre/lib/i386::/usr/java/packages/lib/amd64:/usr/lib/x86_64-linux-gnu/jni:/lib/x86_64-linux-gnu:/usr/lib/x86_64-linux-gnu:/usr/lib/jni:/lib:/usr/lib"/>
    <property name="java.specification.name" value="Java Platform API Specification"/>
    <property name="java.class.version" value="52.0"/>
    <property name="sun.management.compiler" value="HotSpot 64-Bit Tiered Compilers"/>
    <property name="os.version" value="4.4.0-36-generic"/>
    <property name="user.home" value="/home/sami"/>
    <property name="user.timezone" value="Europe/Helsinki"/>
    <property name="java.awt.printerjob" value="sun.print.PSPrinterJob"/>
    <property name="file.encoding" value="UTF-8"/>
    <property name="java.specification.version" value="1.8"/>
    <property name="user.name" value="sami"/>
    <property name="java.class.path" value="/home/sami/netbeans-8.1/java/maven/boot/plexus-classworlds-2.4.jar"/>
    <property name="java.vm.specification.version" value="1.8"/>
    <property name="sun.arch.data.model" value="64"/>
    <property name="java.home" value="/usr/lib/jvm/java-8-openjdk-amd64/jre"/>
    <property name="sun.java.command" value="org.codehaus.plexus.classworlds.launcher.Launcher -Dmaven.ext.class.path=/home/sami/netbeans-8.1/java/maven-nblib/netbeans-eventspy.jar clean install"/>
    <property name="java.specification.vendor" value="Oracle Corporation"/>
    <property name="user.language" value="en"/>
    <property name="awt.toolkit" value="sun.awt.X11.XToolkit"/>
    <property name="java.vm.info" value="mixed mode"/>
    <property name="java.version" value="1.8.0_91"/>
    <property name="java.ext.dirs" value="/usr/lib/jvm/java-8-openjdk-amd64/jre/lib/ext:/usr/java/packages/lib/ext"/>
    <property name="securerandom.source" value="file:/dev/./urandom"/>
    <property name="sun.boot.class.path" value="/usr/lib/jvm/java-8-openjdk-amd64/jre/lib/resources.jar:/usr/lib/jvm/java-8-openjdk-amd64/jre/lib/rt.jar:/usr/lib/jvm/java-8-openjdk-amd64/jre/lib/sunrsasign.jar:/usr/lib/jvm/java-8-openjdk-amd64/jre/lib/jsse.jar:/usr/lib/jvm/java-8-openjdk-amd64/jre/lib/jce.jar:/usr/lib/jvm/java-8-openjdk-amd64/jre/lib/charsets.jar:/usr/lib/jvm/java-8-openjdk-amd64/jre/lib/jfr.jar:/usr/lib/jvm/java-8-openjdk-amd64/jre/classes"/>
    <property name="java.vendor" value="Oracle Corporation"/>
    <property name="maven.home" value="/home/sami/netbeans-8.1/java/maven"/>
    <property name="file.separator" value="/"/>
    <property name="java.vendor.url.bug" value="http://bugreport.sun.com/bugreport/"/>
    <property name="sun.cpu.endian" value="little"/>
    <property name="sun.io.unicode.encoding" value="UnicodeLittle"/>
    <property name="sun.desktop" value="gnome"/>
    <property name="sun.cpu.isalist" value=""/>
  </properties>
  <testcase classname="chess.logic.ailogic.AILogicTest" name="boardDoesNotChangeWhenTestingAMove" time="0.117"/>
  <testcase classname="chess.logic.ailogic.AILogicTest" name="testAMoveReturnsValueOfSituationAfterMakingChosenMove" time="0.009"/>
  <testcase classname="chess.logic.ailogic.AILogicTest" name="findBestMoveDoesNotChangePawns" time="1.007"/>
  <testcase classname="chess.logic.ailogic.AILogicTest" name="findBestMoveDoesNotChangeChessBoard" time="1.011"/>
  <testcase classname="chess.logic.ailogic.AILogicTest" name="tryMovingPieceReturnsHighestValueForSituationAfterMovingPiece" time="0.007"/>
  <testcase classname="chess.logic.ailogic.AILogicTest" name="negamaxForHeightZeroReturnsValueOfSituation" time="0.006"/>
  <testcase classname="chess.logic.ailogic.AILogicTest" name="pawnRemainsPawnInComplexSituation" time="0.027"/>
  <testcase classname="chess.logic.ailogic.AILogicTest" name="checkForChangeIncreasesAlphaIfBetterValueFound" time="0.008"/>
  <testcase classname="chess.logic.ailogic.AILogicTest" name="aiWillNotInitiateLosingTrades" time="1.001"/>
  <testcase classname="chess.logic.ailogic.AILogicTest" name="testAMoveRevertsPossiblePromotion" time="0.002"/>
  <testcase classname="chess.logic.ailogic.AILogicTest" name="whenMoveDoesNotProduceBetaCutOffItIsSavedAsKillerCandidate" time="0.001"/>
  <testcase classname="chess.logic.ailogic.AILogicTest" name="tryMovingPieceStopsIfTimeLimitReached" time="0.001"/>
  <testcase classname="chess.logic.ailogic.AILogicTest" name="negamaxReturnsMinus123456789IfTimeLimitIsReached" time="0.001"/>
  <testcase classname="chess.logic.ailogic.AILogicTest" name="alphaIsNotChangedIfWorseValueFound" time="0.008"/>
  <testcase classname="chess.logic.ailogic.AILogicTest" name="pawnRemainsPawnIfPromotionIsTested" time="0.014"/>
  <testcase classname="chess.logic.ailogic.AILogicTest" name="testAMoveReturnsAlphaIfTimeIsUpAndDoesNotChangeBoard" time="0.003"/>
  <testcase classname="chess.logic.ailogic.AILogicTest" name="whenMoveDoesProduceBetaCutOffItIsNotSavedAsKillerCandidate" time="0.001"/>
  <testcase classname="chess.logic.ailogic.AILogicTest" name="checkMateIsBetterThanTakingKnight" time="0.026"/>
  <testcase classname="chess.logic.ailogic.AILogicTest" name="findBestMoveChoosesAMove" time="0.011"/>
  <testcase classname="chess.logic.ailogic.AILogicTest" name="promotionDoesNotChangeChessBoardSituationInComplexSituation" time="1.001"/>
  <testcase classname="chess.logic.ailogic.AILogicTest" name="testAMoveRevertsPossiblePromotionEvenIfMovesMadeAfterIt" time="0.002"/>
  <testcase classname="chess.logic.ailogic.AILogicTest" name="bestMoveCorrectWithOnePiece" time="0.025"/>
  <testcase classname="chess.logic.ailogic.AILogicTest" name="moveIsNotEvaluatedIfItIsIllegal" time="0.006"/>
</testsuite>